alteredFile="helloworld.cs" eventType="AlertEvent" runningPrivilegedProcesses="[]"
eventType="FileEvent" fileName="HelloWorld.cs"
{"@version":1,"source_host":"MSI","message":"alteredFile=\"helloworld.cs\" eventType=\"AlertEvent\" runningPrivilegedProcesses=\"[]\"","thread_name":"Thread-0","@timestamp":"2025-05-09T16:15:44.254+0100","level":"WARN","logger_name":"root"}
{"@version":1,"source_host":"MSI","message":"eventType=\"FileEvent\" fileName=\"HelloWorld.cs\"","thread_name":"Thread-0","@timestamp":"2025-05-09T16:15:44.256+0100","level":"WARN","logger_name":"root"}
{"@version":1,"source_host":"MSI","message":"alteredFile=\"helloworld.cs\" eventType=\"AlertEvent\" runningPrivilegedProcesses=\"[]\"","thread_name":"Thread-1","@timestamp":"2025-05-09T16:23:23.112+0100","level":"WARN","logger_name":"root"}
{"@version":1,"source_host":"MSI","message":"eventType=\"FileEvent\" fileName=\"HelloWorld.cs\"","thread_name":"Thread-1","@timestamp":"2025-05-09T16:23:23.119+0100","level":"WARN","logger_name":"root"}
{"@version":1,"source_host":"MSI","message":"alteredFile=\"helloworld.cs\" eventType=\"AlertEvent\" runningPrivilegedProcesses=\"[]\"","thread_name":"Thread-2","@timestamp":"2025-05-09T16:43:53.366+0100","level":"WARN","logger_name":"root"}
{"@version":1,"source_host":"MSI","message":"eventType=\"FileEvent\" fileName=\"HelloWorld.cs\"","thread_name":"Thread-2","@timestamp":"2025-05-09T16:43:53.391+0100","level":"WARN","logger_name":"root"}
{"@version":1,"source_host":"MSI","message":"alteredFile=\"helloworld.cs\" eventType=\"AlertEvent\" runningPrivilegedProcesses=\"[]\"","thread_name":"Thread-3","@timestamp":"2025-05-09T16:45:00.323+0100","level":"WARN","logger_name":"root"}
{"@version":1,"source_host":"MSI","message":"eventType=\"FileEvent\" fileName=\"HelloWorld.cs\"","thread_name":"Thread-3","@timestamp":"2025-05-09T16:45:00.325+0100","level":"WARN","logger_name":"root"}
{"@version":1,"source_host":"MSI","message":"alteredFile=\"helloworld.cs\" eventType=\"AlertEvent\" runningPrivilegedProcesses=\"[]\"","thread_name":"Thread-4","@timestamp":"2025-05-09T16:50:36.090+0100","level":"WARN","logger_name":"root"}
{"@version":1,"source_host":"MSI","message":"eventType=\"FileEvent\" fileName=\"HelloWorld.cs\"","thread_name":"Thread-4","@timestamp":"2025-05-09T16:50:36.091+0100","level":"WARN","logger_name":"root"}
{"@version":1,"source_host":"MSI","message":"eventType=\"FileEvent\" fileName=\"obj\\Debug\\TestProj.csproj.FileListAbsolute.txt\"","thread_name":"Thread-0","@timestamp":"2025-05-09T21:31:13.136+0100","level":"WARN","logger_name":"root"}
{"@version":1,"source_host":"MSI","message":"eventType=\"FileEvent\" fileName=\"obj\\Debug\\TestProj.csproj.FileListAbsolute.txt\"","thread_name":"Thread-0","@timestamp":"2025-05-09T21:34:17.493+0100","level":"WARN","logger_name":"root"}
{"@version":1,"source_host":"MSI","message":"alteredFile=\"helloworld.cs\" eventType=\"AlertEvent\" runningPrivilegedProcesses=\"[]\"","thread_name":"Thread-1","@timestamp":"2025-05-09T21:37:55.406+0100","level":"WARN","logger_name":"root"}
{"@version":1,"source_host":"MSI","message":"eventType=\"FileEvent\" fileName=\"HelloWorld.cs\"","thread_name":"Thread-1","@timestamp":"2025-05-09T21:37:55.408+0100","level":"WARN","logger_name":"root"}
{"@version":1,"source_host":"MSI","message":"alteredFile=\"helloworld.cs\" eventType=\"AlertEvent\" runningPrivilegedProcesses=\"[]\"","thread_name":"Thread-2","@timestamp":"2025-05-09T21:38:06.199+0100","level":"WARN","logger_name":"root"}
{"@version":1,"source_host":"MSI","message":"eventType=\"FileEvent\" fileName=\"HelloWorld.cs\"","thread_name":"Thread-2","@timestamp":"2025-05-09T21:38:06.202+0100","level":"WARN","logger_name":"root"}
{"@version":1,"source_host":"MSI","message":"alteredFile=\"helloworld.cs\" eventType=\"AlertEvent\" runningPrivilegedProcesses=\"[]\"","thread_name":"Thread-0","@timestamp":"2025-05-09T22:05:56.718+0100","level":"WARN","logger_name":"root"}
{"@version":1,"source_host":"MSI","message":"eventType=\"FileEvent\" fileName=\"HelloWorld.cs\"","thread_name":"Thread-0","@timestamp":"2025-05-09T22:05:56.720+0100","level":"WARN","logger_name":"root"}
{"@version":1,"source_host":"MSI","message":"alteredFile=\"helloworld.cs\" eventType=\"AlertEvent\" runningPrivilegedProcesses=\"[]\"","thread_name":"Thread-2","@timestamp":"2025-05-09T23:47:07.252+0100","level":"WARN","logger_name":"root"}
{"@version":1,"source_host":"MSI","message":"eventType=\"FileEvent\" fileName=\"HelloWorld.cs\"","thread_name":"Thread-2","@timestamp":"2025-05-09T23:47:07.258+0100","level":"WARN","logger_name":"root"}
{"@version":1,"source_host":"MSI","message":"alteredFile=\"hellowd.cs\" eventType=\"AlertEvent\" runningPrivilegedProcesses=\"[]\"","thread_name":"Thread-4","@timestamp":"2025-05-09T23:47:58.097+0100","level":"WARN","logger_name":"root"}
{"@version":1,"source_host":"MSI","message":"eventType=\"FileEvent\" fileName=\"HelloWd.cs\"","thread_name":"Thread-4","@timestamp":"2025-05-09T23:47:58.100+0100","level":"WARN","logger_name":"root"}
{"@version":1,"source_host":"MSI","message":"alteredFile=\"hellowd.cs\" eventType=\"AlertEvent\" runningPrivilegedProcesses=\"[]\"","thread_name":"Thread-0","@timestamp":"2025-05-09T23:49:33.748+0100","level":"WARN","logger_name":"root"}
{"@version":1,"source_host":"MSI","message":"eventType=\"FileEvent\" fileName=\"HelloWd.cs\"","thread_name":"Thread-0","@timestamp":"2025-05-09T23:49:33.751+0100","level":"WARN","logger_name":"root"}
{"@version":1,"source_host":"MSI","message":"alteredFile=\"hellowd.cs\" eventType=\"AlertEvent\" runningPrivilegedProcesses=\"[Process [1288] OmApSvcBroker.exe, Process [19808] Taskmgr.exe, Process [24288] powershell.exe, Process [21216] java.exe]\"","thread_name":"Thread-0","@timestamp":"2025-05-10T00:05:20.146+0100","level":"WARN","logger_name":"root"}
{"@version":1,"source_host":"MSI","message":"eventType=\"FileEvent\" fileName=\"HelloWd.cs\"","thread_name":"Thread-0","@timestamp":"2025-05-10T00:05:20.155+0100","level":"WARN","logger_name":"root"}
