action="BuildStart" buildProcess="msbuild.exe/14248" eventType="BuildEvent"
alteredFile="helloworld.cs" eventType="AlertEvent" runningPrivilegedProcesses="[]"
eventType="FileEvent" fileName="HelloWorld.cs"
action="BuildStopped" buildProcess="msbuild.exe/14248" eventType="BuildEvent"
SecureBuildStarting
{"@version":1,"source_host":"MSI","message":"SecureBuildStarting","thread_name":"main","@timestamp":"2025-05-09T16:12:55.758+0100","level":"INFO","logger_name":"root"}
{"@version":1,"source_host":"MSI","message":"SecureBuildStarting","thread_name":"main","@timestamp":"2025-05-09T16:14:59.528+0100","level":"INFO","logger_name":"root"}
{"@version":1,"source_host":"MSI","message":"SecureBuildStarting","thread_name":"main","@timestamp":"2025-05-09T16:15:10.153+0100","level":"INFO","logger_name":"root"}
{"@version":1,"source_host":"MSI","message":"action=\"BuildStart\" buildProcess=\"msbuild.exe/18680\" eventType=\"BuildEvent\"","thread_name":"pool-2-thread-1","@timestamp":"2025-05-09T16:15:41.512+0100","level":"INFO","logger_name":"root"}
{"@version":1,"source_host":"MSI","message":"alteredFile=\"helloworld.cs\" eventType=\"AlertEvent\" runningPrivilegedProcesses=\"[]\"","thread_name":"Thread-0","@timestamp":"2025-05-09T16:15:44.254+0100","level":"WARN","logger_name":"root"}
{"@version":1,"source_host":"MSI","message":"eventType=\"FileEvent\" fileName=\"HelloWorld.cs\"","thread_name":"Thread-0","@timestamp":"2025-05-09T16:15:44.256+0100","level":"WARN","logger_name":"root"}
{"@version":1,"source_host":"MSI","message":"action=\"BuildStopped\" buildProcess=\"msbuild.exe/18680\" eventType=\"BuildEvent\"","thread_name":"pool-2-thread-1","@timestamp":"2025-05-09T16:15:44.262+0100","level":"INFO","logger_name":"root"}
{"@version":1,"source_host":"MSI","message":"action=\"BuildStart\" buildProcess=\"msbuild.exe/18732\" eventType=\"BuildEvent\"","thread_name":"pool-2-thread-1","@timestamp":"2025-05-09T16:23:19.584+0100","level":"INFO","logger_name":"root"}
{"@version":1,"source_host":"MSI","message":"alteredFile=\"helloworld.cs\" eventType=\"AlertEvent\" runningPrivilegedProcesses=\"[]\"","thread_name":"Thread-1","@timestamp":"2025-05-09T16:23:23.112+0100","level":"WARN","logger_name":"root"}
{"@version":1,"source_host":"MSI","message":"eventType=\"FileEvent\" fileName=\"HelloWorld.cs\"","thread_name":"Thread-1","@timestamp":"2025-05-09T16:23:23.119+0100","level":"WARN","logger_name":"root"}
{"@version":1,"source_host":"MSI","message":"action=\"BuildStopped\" buildProcess=\"msbuild.exe/18732\" eventType=\"BuildEvent\"","thread_name":"pool-2-thread-1","@timestamp":"2025-05-09T16:23:23.122+0100","level":"INFO","logger_name":"root"}
{"@version":1,"source_host":"MSI","message":"action=\"BuildStart\" buildProcess=\"msbuild.exe/9180\" eventType=\"BuildEvent\"","thread_name":"pool-2-thread-1","@timestamp":"2025-05-09T16:43:51.090+0100","level":"INFO","logger_name":"root"}
{"@version":1,"source_host":"MSI","message":"alteredFile=\"helloworld.cs\" eventType=\"AlertEvent\" runningPrivilegedProcesses=\"[]\"","thread_name":"Thread-2","@timestamp":"2025-05-09T16:43:53.366+0100","level":"WARN","logger_name":"root"}
{"@version":1,"source_host":"MSI","message":"eventType=\"FileEvent\" fileName=\"HelloWorld.cs\"","thread_name":"Thread-2","@timestamp":"2025-05-09T16:43:53.391+0100","level":"WARN","logger_name":"root"}
{"@version":1,"source_host":"MSI","message":"action=\"BuildStopped\" buildProcess=\"msbuild.exe/9180\" eventType=\"BuildEvent\"","thread_name":"pool-2-thread-1","@timestamp":"2025-05-09T16:43:53.394+0100","level":"INFO","logger_name":"root"}
{"@version":1,"source_host":"MSI","message":"action=\"BuildStart\" buildProcess=\"msbuild.exe/11128\" eventType=\"BuildEvent\"","thread_name":"pool-2-thread-1","@timestamp":"2025-05-09T16:44:57.948+0100","level":"INFO","logger_name":"root"}
{"@version":1,"source_host":"MSI","message":"alteredFile=\"helloworld.cs\" eventType=\"AlertEvent\" runningPrivilegedProcesses=\"[]\"","thread_name":"Thread-3","@timestamp":"2025-05-09T16:45:00.323+0100","level":"WARN","logger_name":"root"}
{"@version":1,"source_host":"MSI","message":"eventType=\"FileEvent\" fileName=\"HelloWorld.cs\"","thread_name":"Thread-3","@timestamp":"2025-05-09T16:45:00.325+0100","level":"WARN","logger_name":"root"}
{"@version":1,"source_host":"MSI","message":"action=\"BuildStopped\" buildProcess=\"msbuild.exe/11128\" eventType=\"BuildEvent\"","thread_name":"pool-2-thread-1","@timestamp":"2025-05-09T16:45:00.329+0100","level":"INFO","logger_name":"root"}
{"@version":1,"source_host":"MSI","message":"action=\"BuildStart\" buildProcess=\"msbuild.exe/3676\" eventType=\"BuildEvent\"","thread_name":"pool-2-thread-1","@timestamp":"2025-05-09T16:50:33.222+0100","level":"INFO","logger_name":"root"}
{"@version":1,"source_host":"MSI","message":"alteredFile=\"helloworld.cs\" eventType=\"AlertEvent\" runningPrivilegedProcesses=\"[]\"","thread_name":"Thread-4","@timestamp":"2025-05-09T16:50:36.090+0100","level":"WARN","logger_name":"root"}
{"@version":1,"source_host":"MSI","message":"eventType=\"FileEvent\" fileName=\"HelloWorld.cs\"","thread_name":"Thread-4","@timestamp":"2025-05-09T16:50:36.091+0100","level":"WARN","logger_name":"root"}
{"@version":1,"source_host":"MSI","message":"action=\"BuildStopped\" buildProcess=\"msbuild.exe/3676\" eventType=\"BuildEvent\"","thread_name":"pool-2-thread-1","@timestamp":"2025-05-09T16:50:36.093+0100","level":"INFO","logger_name":"root"}
{"@version":1,"source_host":"MSI","message":"SecureBuildStarting","thread_name":"main","@timestamp":"2025-05-09T20:12:51.409+0100","level":"INFO","logger_name":"root"}
{"@version":1,"source_host":"MSI","message":"SecureBuildStarting","thread_name":"main","@timestamp":"2025-05-09T20:14:25.528+0100","level":"INFO","logger_name":"root"}
{"@version":1,"source_host":"MSI","message":"SecureBuildStarting","thread_name":"main","@timestamp":"2025-05-09T20:14:47.244+0100","level":"INFO","logger_name":"root"}
{"@version":1,"source_host":"MSI","message":"SecureBuildStarting","thread_name":"main","@timestamp":"2025-05-09T21:30:56.074+0100","level":"INFO","logger_name":"root"}
{"@version":1,"source_host":"MSI","message":"action=\"BuildStart\" buildProcess=\"msbuild.exe/10628\" eventType=\"BuildEvent\"","thread_name":"pool-2-thread-1","@timestamp":"2025-05-09T21:31:11.169+0100","level":"INFO","logger_name":"root"}
{"@version":1,"source_host":"MSI","message":"eventType=\"FileEvent\" fileName=\"obj\\Debug\\TestProj.csproj.FileListAbsolute.txt\"","thread_name":"Thread-0","@timestamp":"2025-05-09T21:31:13.136+0100","level":"WARN","logger_name":"root"}
{"@version":1,"source_host":"MSI","message":"action=\"BuildStopped\" buildProcess=\"msbuild.exe/10628\" eventType=\"BuildEvent\"","thread_name":"pool-2-thread-1","@timestamp":"2025-05-09T21:31:13.347+0100","level":"INFO","logger_name":"root"}
{"@version":1,"source_host":"MSI","message":"SecureBuildStarting","thread_name":"main","@timestamp":"2025-05-09T21:34:02.992+0100","level":"INFO","logger_name":"root"}
{"@version":1,"source_host":"MSI","message":"action=\"BuildStart\" buildProcess=\"msbuild.exe/17680\" eventType=\"BuildEvent\"","thread_name":"pool-2-thread-1","@timestamp":"2025-05-09T21:34:16.457+0100","level":"INFO","logger_name":"root"}
{"@version":1,"source_host":"MSI","message":"eventType=\"FileEvent\" fileName=\"obj\\Debug\\TestProj.csproj.FileListAbsolute.txt\"","thread_name":"Thread-0","@timestamp":"2025-05-09T21:34:17.493+0100","level":"WARN","logger_name":"root"}
{"@version":1,"source_host":"MSI","message":"action=\"BuildStopped\" buildProcess=\"msbuild.exe/17680\" eventType=\"BuildEvent\"","thread_name":"pool-2-thread-1","@timestamp":"2025-05-09T21:34:17.697+0100","level":"INFO","logger_name":"root"}
{"@version":1,"source_host":"MSI","message":"action=\"BuildStart\" buildProcess=\"msbuild.exe/22496\" eventType=\"BuildEvent\"","thread_name":"pool-2-thread-1","@timestamp":"2025-05-09T21:37:51.110+0100","level":"INFO","logger_name":"root"}
{"@version":1,"source_host":"MSI","message":"alteredFile=\"helloworld.cs\" eventType=\"AlertEvent\" runningPrivilegedProcesses=\"[]\"","thread_name":"Thread-1","@timestamp":"2025-05-09T21:37:55.406+0100","level":"WARN","logger_name":"root"}
{"@version":1,"source_host":"MSI","message":"eventType=\"FileEvent\" fileName=\"HelloWorld.cs\"","thread_name":"Thread-1","@timestamp":"2025-05-09T21:37:55.408+0100","level":"WARN","logger_name":"root"}
{"@version":1,"source_host":"MSI","message":"action=\"BuildStopped\" buildProcess=\"msbuild.exe/22496\" eventType=\"BuildEvent\"","thread_name":"pool-2-thread-1","@timestamp":"2025-05-09T21:37:55.411+0100","level":"INFO","logger_name":"root"}
{"@version":1,"source_host":"MSI","message":"action=\"BuildStart\" buildProcess=\"msbuild.exe/2168\" eventType=\"BuildEvent\"","thread_name":"pool-2-thread-1","@timestamp":"2025-05-09T21:38:05.050+0100","level":"INFO","logger_name":"root"}
{"@version":1,"source_host":"MSI","message":"alteredFile=\"helloworld.cs\" eventType=\"AlertEvent\" runningPrivilegedProcesses=\"[]\"","thread_name":"Thread-2","@timestamp":"2025-05-09T21:38:06.199+0100","level":"WARN","logger_name":"root"}
{"@version":1,"source_host":"MSI","message":"eventType=\"FileEvent\" fileName=\"HelloWorld.cs\"","thread_name":"Thread-2","@timestamp":"2025-05-09T21:38:06.202+0100","level":"WARN","logger_name":"root"}
{"@version":1,"source_host":"MSI","message":"action=\"BuildStopped\" buildProcess=\"msbuild.exe/2168\" eventType=\"BuildEvent\"","thread_name":"pool-2-thread-1","@timestamp":"2025-05-09T21:38:06.576+0100","level":"INFO","logger_name":"root"}
{"@version":1,"source_host":"MSI","message":"SecureBuildStarting","thread_name":"main","@timestamp":"2025-05-09T22:02:20.066+0100","level":"INFO","logger_name":"root"}
{"@version":1,"source_host":"MSI","message":"action=\"BuildStart\" buildProcess=\"msbuild.exe/9336\" eventType=\"BuildEvent\"","thread_name":"pool-2-thread-1","@timestamp":"2025-05-09T22:05:56.592+0100","level":"INFO","logger_name":"root"}
{"@version":1,"source_host":"MSI","message":"alteredFile=\"helloworld.cs\" eventType=\"AlertEvent\" runningPrivilegedProcesses=\"[]\"","thread_name":"Thread-0","@timestamp":"2025-05-09T22:05:56.718+0100","level":"WARN","logger_name":"root"}
{"@version":1,"source_host":"MSI","message":"eventType=\"FileEvent\" fileName=\"HelloWorld.cs\"","thread_name":"Thread-0","@timestamp":"2025-05-09T22:05:56.720+0100","level":"WARN","logger_name":"root"}
{"@version":1,"source_host":"MSI","message":"action=\"BuildStopped\" buildProcess=\"msbuild.exe/9336\" eventType=\"BuildEvent\"","thread_name":"pool-2-thread-1","@timestamp":"2025-05-09T22:05:58.343+0100","level":"INFO","logger_name":"root"}
{"@version":1,"source_host":"MSI","message":"action=\"BuildStart\" buildProcess=\"msbuild.exe/23472\" eventType=\"BuildEvent\"","thread_name":"pool-2-thread-1","@timestamp":"2025-05-09T23:47:07.074+0100","level":"INFO","logger_name":"root"}
{"@version":1,"source_host":"MSI","message":"alteredFile=\"helloworld.cs\" eventType=\"AlertEvent\" runningPrivilegedProcesses=\"[]\"","thread_name":"Thread-2","@timestamp":"2025-05-09T23:47:07.252+0100","level":"WARN","logger_name":"root"}
{"@version":1,"source_host":"MSI","message":"eventType=\"FileEvent\" fileName=\"HelloWorld.cs\"","thread_name":"Thread-2","@timestamp":"2025-05-09T23:47:07.258+0100","level":"WARN","logger_name":"root"}
{"@version":1,"source_host":"MSI","message":"action=\"BuildStopped\" buildProcess=\"msbuild.exe/23472\" eventType=\"BuildEvent\"","thread_name":"pool-2-thread-1","@timestamp":"2025-05-09T23:47:08.777+0100","level":"INFO","logger_name":"root"}
{"@version":1,"source_host":"MSI","message":"action=\"BuildStart\" buildProcess=\"msbuild.exe/19616\" eventType=\"BuildEvent\"","thread_name":"pool-2-thread-1","@timestamp":"2025-05-09T23:47:57.945+0100","level":"INFO","logger_name":"root"}
{"@version":1,"source_host":"MSI","message":"alteredFile=\"hellowd.cs\" eventType=\"AlertEvent\" runningPrivilegedProcesses=\"[]\"","thread_name":"Thread-4","@timestamp":"2025-05-09T23:47:58.097+0100","level":"WARN","logger_name":"root"}
{"@version":1,"source_host":"MSI","message":"eventType=\"FileEvent\" fileName=\"HelloWd.cs\"","thread_name":"Thread-4","@timestamp":"2025-05-09T23:47:58.100+0100","level":"WARN","logger_name":"root"}
{"@version":1,"source_host":"MSI","message":"action=\"BuildStopped\" buildProcess=\"msbuild.exe/19616\" eventType=\"BuildEvent\"","thread_name":"pool-2-thread-1","@timestamp":"2025-05-09T23:47:59.421+0100","level":"INFO","logger_name":"root"}
{"@version":1,"source_host":"MSI","message":"SecureBuildStarting","thread_name":"main","@timestamp":"2025-05-09T23:49:25.720+0100","level":"INFO","logger_name":"root"}
{"@version":1,"source_host":"MSI","message":"action=\"BuildStart\" buildProcess=\"msbuild.exe/21452\" eventType=\"BuildEvent\"","thread_name":"pool-2-thread-1","@timestamp":"2025-05-09T23:49:33.608+0100","level":"INFO","logger_name":"root"}
{"@version":1,"source_host":"MSI","message":"alteredFile=\"hellowd.cs\" eventType=\"AlertEvent\" runningPrivilegedProcesses=\"[]\"","thread_name":"Thread-0","@timestamp":"2025-05-09T23:49:33.748+0100","level":"WARN","logger_name":"root"}
{"@version":1,"source_host":"MSI","message":"eventType=\"FileEvent\" fileName=\"HelloWd.cs\"","thread_name":"Thread-0","@timestamp":"2025-05-09T23:49:33.751+0100","level":"WARN","logger_name":"root"}
{"@version":1,"source_host":"MSI","message":"action=\"BuildStopped\" buildProcess=\"msbuild.exe/21452\" eventType=\"BuildEvent\"","thread_name":"pool-2-thread-1","@timestamp":"2025-05-09T23:49:35.169+0100","level":"INFO","logger_name":"root"}
{"@version":1,"source_host":"MSI","message":"SecureBuildStarting","thread_name":"main","@timestamp":"2025-05-10T00:01:16.248+0100","level":"INFO","logger_name":"root"}
{"@version":1,"source_host":"MSI","message":"action=\"BuildStart\" buildProcess=\"msbuild.exe/4184\" eventType=\"BuildEvent\"","thread_name":"pool-2-thread-1","@timestamp":"2025-05-10T00:05:19.831+0100","level":"INFO","logger_name":"root"}
{"@version":1,"source_host":"MSI","message":"alteredFile=\"hellowd.cs\" eventType=\"AlertEvent\" runningPrivilegedProcesses=\"[Process [1288] OmApSvcBroker.exe, Process [19808] Taskmgr.exe, Process [24288] powershell.exe, Process [21216] java.exe]\"","thread_name":"Thread-0","@timestamp":"2025-05-10T00:05:20.146+0100","level":"WARN","logger_name":"root"}
{"@version":1,"source_host":"MSI","message":"eventType=\"FileEvent\" fileName=\"HelloWd.cs\"","thread_name":"Thread-0","@timestamp":"2025-05-10T00:05:20.155+0100","level":"WARN","logger_name":"root"}
{"@version":1,"source_host":"MSI","message":"action=\"BuildStopped\" buildProcess=\"msbuild.exe/4184\" eventType=\"BuildEvent\"","thread_name":"pool-2-thread-1","@timestamp":"2025-05-10T00:05:21.596+0100","level":"INFO","logger_name":"root"}
